2026-03-26 18:41:26,135 | INFO | bronze.adzuna_bronze_reader | 📂 Reading bronze data
2026-03-26 18:41:26,136 | INFO | bronze.adzuna_bronze_reader | 📅 date_path=2026/02/04
2026-03-26 18:41:26,137 | INFO | bronze.adzuna_bronze_reader | 📁 source_path=s3a://data-lake/bronze/adzuna/2026/02/04/*.json
2026-03-26 18:52:23,900 | INFO | bronze.adzuna_bronze_reader | ============================================================
2026-03-26 18:52:23,900 | INFO | bronze.adzuna_bronze_reader | 🚀 START adzuna bronze reader
2026-03-26 18:52:25,694 | INFO | bronze.adzuna_bronze_reader | 📂 Reading bronze data
2026-03-26 18:52:25,695 | INFO | bronze.adzuna_bronze_reader | 📅 date_path=2026/03/26
2026-03-26 18:52:25,696 | INFO | bronze.adzuna_bronze_reader | 📁 source_path=s3a://data-lake/bronze/adzuna/2026/03/26/*.json
2026-03-26 18:52:33,903 | INFO | bronze.adzuna_bronze_reader | 📊 Record count=3
2026-03-26 18:52:33,905 | INFO | bronze.adzuna_bronze_reader | 📐 Schema:
2026-03-26 18:52:33,914 | INFO | bronze.adzuna_bronze_reader | 🔍 START Bronze quality checks
2026-03-26 18:52:35,155 | INFO | bronze.adzuna_bronze_reader | ✅ Record count check passed: 3
2026-03-26 18:52:35,225 | INFO | bronze.adzuna_bronze_reader | ✅ Required columns check passed
2026-03-26 18:52:35,972 | INFO | bronze.adzuna_bronze_reader | ✅ Records structure check passed
2026-03-26 18:52:36,433 | INFO | bronze.adzuna_bronze_reader | 🎉 Bronze quality checks passed | rows=3 | columns=5
2026-03-26 18:52:36,434 | INFO | bronze.adzuna_bronze_reader | ✅ Bronze read completed successfully
2026-03-26 18:52:37,033 | INFO | bronze.adzuna_bronze_reader | 🛑 Spark session stopped
2026-03-26 18:52:37,034 | INFO | bronze.adzuna_bronze_reader | ============================================================
2026-03-26 18:53:28,396 | INFO | bronze.adzuna_bronze_reader | 📂 Reading bronze data
2026-03-26 18:53:28,397 | INFO | bronze.adzuna_bronze_reader | 📅 date_path=2026/03/26
2026-03-26 18:53:28,398 | INFO | bronze.adzuna_bronze_reader | 📁 source_path=s3a://data-lake/bronze/adzuna/2026/03/26/*.json
