2026-04-03 02:13:12,078 | INFO | gold.adzuna_gold_writer | 🚀 START Gold pipeline | date=2026/04/03
2026-04-03 02:13:17,306 | INFO | gold.adzuna_jobs_gold_summary | 🚀 START building gold jobs_summary
2026-04-03 02:13:17,668 | INFO | gold.adzuna_jobs_gold_summary | ✅ Gold jobs_summary built successfully
2026-04-03 02:13:17,669 | INFO | gold.adzuna_gold_salary_analysis | 🚀 Start build gold salary_analysis
2026-04-03 02:13:17,777 | INFO | gold.adzuna_gold_salary_analysis | ✅ Finished salary_analysis
2026-04-03 02:13:17,777 | INFO | gold.adzuna_gold_writer | 📂 Writing Gold data to s3a://data-lake/gold/adzuna/jobs_summary/dt=2026/04/03
2026-04-03 02:13:20,780 | INFO | gold.adzuna_gold_writer | 📊 Output records: 20
2026-04-03 02:13:20,781 | INFO | gold.adzuna_gold_writer | 🎉 Write completed
2026-04-03 02:13:20,781 | INFO | gold.adzuna_gold_writer | 📂 Writing Gold data to s3a://data-lake/gold/adzuna/salary_analysis/dt=2026/04/03
2026-04-03 02:13:22,740 | INFO | gold.adzuna_gold_writer | 📊 Output records: 3
2026-04-03 02:13:22,741 | INFO | gold.adzuna_gold_writer | 🎉 Write completed
2026-04-03 02:13:23,368 | INFO | gold.adzuna_gold_writer | 🛑 Spark stopped
2026-04-03 22:43:36,574 | INFO | gold.adzuna_gold_writer | 🚀 START Gold pipeline | date=2026/04/03
2026-04-03 22:43:42,268 | INFO | gold.adzuna_jobs_gold_summary | 🚀 START building gold jobs_summary
2026-04-03 22:43:42,712 | INFO | gold.adzuna_jobs_gold_summary | ✅ Gold jobs_summary built successfully
2026-04-03 22:43:42,713 | INFO | gold.adzuna_gold_salary_analysis | 🚀 Start build gold salary_analysis
2026-04-03 22:43:42,841 | INFO | gold.adzuna_gold_salary_analysis | ✅ Finished salary_analysis
2026-04-03 22:43:42,842 | INFO | gold.adzuna_gold_writer | 📂 Writing Gold data to s3a://data-lake/gold/adzuna/jobs_summary/dt=2026/04/03
2026-04-03 22:43:49,027 | INFO | gold.adzuna_gold_writer | 📊 Output records: 20
2026-04-03 22:43:49,042 | INFO | gold.adzuna_gold_writer | 🎉 Write completed
2026-04-03 22:43:49,045 | INFO | gold.adzuna_gold_writer | 📂 Writing Gold data to s3a://data-lake/gold/adzuna/salary_analysis/dt=2026/04/03
2026-04-03 22:43:53,343 | INFO | gold.adzuna_gold_writer | 📊 Output records: 3
2026-04-03 22:43:53,345 | INFO | gold.adzuna_gold_writer | 🎉 Write completed
2026-04-03 22:43:53,914 | INFO | gold.adzuna_gold_writer | 🛑 Spark stopped
