2026-04-04 00:53:47,565 | INFO | gold.adzuna_gold_writer | 🚀 START Gold pipeline | date=2026/04/03
2026-04-04 00:53:52,588 | INFO | gold.adzuna_jobs_gold_summary | 🚀 START building gold jobs_summary
2026-04-04 00:53:52,972 | INFO | gold.adzuna_jobs_gold_summary | ✅ Gold jobs_summary built successfully
2026-04-04 00:53:52,973 | INFO | gold.adzuna_gold_salary_analysis | 🚀 Start build gold salary_analysis
2026-04-04 00:53:53,073 | INFO | gold.adzuna_gold_salary_analysis | ✅ Finished salary_analysis
2026-04-04 00:53:53,074 | INFO | gold.adzuna_gold_writer | 📂 Writing Gold data to s3a://data-lake/gold/adzuna/jobs_summary/dt=2026/04/03
2026-04-04 00:53:56,113 | INFO | gold.adzuna_gold_writer | 📊 Output records: 20
2026-04-04 00:53:56,113 | INFO | gold.adzuna_gold_writer | 🎉 Write completed
2026-04-04 00:53:56,114 | INFO | gold.adzuna_gold_writer | 📂 Writing Gold data to s3a://data-lake/gold/adzuna/salary_analysis/dt=2026/04/03
2026-04-04 00:53:58,318 | INFO | gold.adzuna_gold_writer | 📊 Output records: 3
2026-04-04 00:53:58,319 | INFO | gold.adzuna_gold_writer | 🎉 Write completed
2026-04-04 00:53:58,883 | INFO | gold.adzuna_gold_writer | 🛑 Spark stopped
2026-04-04 01:10:33,787 | INFO | gold.adzuna_gold_writer | 🚀 START Gold pipeline | date=2026/04/03
2026-04-04 01:10:42,509 | INFO | gold.adzuna_jobs_gold_summary | 🚀 START building gold jobs_summary
2026-04-04 01:10:43,087 | INFO | gold.adzuna_jobs_gold_summary | ✅ Gold jobs_summary built successfully
2026-04-04 01:10:43,088 | INFO | gold.adzuna_gold_salary_analysis | 🚀 Start build gold salary_analysis
2026-04-04 01:10:43,262 | INFO | gold.adzuna_gold_salary_analysis | ✅ Finished salary_analysis
2026-04-04 01:10:43,262 | INFO | gold.adzuna_gold_writer | 📂 Writing Gold data to s3a://data-lake/gold/adzuna/jobs_summary/dt=2026/04/03
2026-04-04 01:10:48,471 | INFO | gold.adzuna_gold_writer | 📊 Output records: 20
2026-04-04 01:10:48,471 | INFO | gold.adzuna_gold_writer | 🎉 Write completed
2026-04-04 01:10:48,472 | INFO | gold.adzuna_gold_writer | 📂 Writing Gold data to s3a://data-lake/gold/adzuna/salary_analysis/dt=2026/04/03
2026-04-04 01:10:51,222 | INFO | gold.adzuna_gold_writer | 📊 Output records: 3
2026-04-04 01:10:51,222 | INFO | gold.adzuna_gold_writer | 🎉 Write completed
2026-04-04 01:10:51,526 | INFO | gold.adzuna_gold_writer | 🛑 Spark stopped
2026-04-04 01:20:58,614 | INFO | gold.adzuna_gold_writer | 🚀 START Gold pipeline | date=2026/04/03
2026-04-04 01:21:03,487 | INFO | gold.adzuna_jobs_gold_summary | 🚀 START building gold jobs_summary
2026-04-04 01:21:03,830 | INFO | gold.adzuna_jobs_gold_summary | ✅ Gold jobs_summary built successfully
2026-04-04 01:21:03,831 | INFO | gold.adzuna_gold_salary_analysis | 🚀 Start build gold salary_analysis
2026-04-04 01:21:03,923 | INFO | gold.adzuna_gold_salary_analysis | ✅ Finished salary_analysis
2026-04-04 01:21:03,923 | INFO | gold.adzuna_gold_writer | 📂 Writing Gold data to s3a://data-lake/gold/adzuna/jobs_summary/dt=2026/04/03
2026-04-04 01:21:07,230 | INFO | gold.adzuna_gold_writer | 📊 Output records: 20
2026-04-04 01:21:07,230 | INFO | gold.adzuna_gold_writer | 🎉 Write completed
2026-04-04 01:21:07,231 | INFO | gold.adzuna_gold_writer | 📂 Writing Gold data to s3a://data-lake/gold/adzuna/salary_analysis/dt=2026/04/03
2026-04-04 01:21:10,332 | INFO | gold.adzuna_gold_writer | 📊 Output records: 3
2026-04-04 01:21:10,333 | INFO | gold.adzuna_gold_writer | 🎉 Write completed
2026-04-04 01:21:10,496 | INFO | gold.adzuna_gold_writer | 🛑 Spark stopped
2026-04-04 05:29:45,246 | INFO | gold.adzuna_gold_writer | 🚀 START Gold pipeline | date=2026/04/03
2026-04-04 05:29:52,334 | INFO | gold.adzuna_jobs_gold_summary | 🚀 START building gold jobs_summary
2026-04-04 05:29:52,806 | INFO | gold.adzuna_jobs_gold_summary | ✅ Gold jobs_summary built successfully
2026-04-04 05:29:52,806 | INFO | gold.adzuna_gold_salary_analysis | 🚀 Start build gold salary_analysis
2026-04-04 05:29:52,914 | INFO | gold.adzuna_gold_salary_analysis | ✅ Finished salary_analysis
2026-04-04 05:29:52,915 | INFO | gold.adzuna_gold_writer | 📂 Writing Gold data to s3a://data-lake/gold/adzuna/jobs_summary/dt=2026/04/03
2026-04-04 05:29:56,761 | INFO | gold.adzuna_gold_writer | 📊 Output records: 20
2026-04-04 05:29:56,765 | INFO | gold.adzuna_gold_writer | 🎉 Write completed
2026-04-04 05:29:56,766 | INFO | gold.adzuna_gold_writer | 📂 Writing Gold data to s3a://data-lake/gold/adzuna/salary_analysis/dt=2026/04/03
2026-04-04 05:29:58,983 | INFO | gold.adzuna_gold_writer | 📊 Output records: 3
2026-04-04 05:29:58,984 | INFO | gold.adzuna_gold_writer | 🎉 Write completed
2026-04-04 05:29:59,603 | INFO | gold.adzuna_gold_writer | 🛑 Spark stopped
2026-04-04 05:39:55,687 | INFO | gold.adzuna_gold_writer | 🚀 START Gold pipeline | date=2026/04/03
2026-04-04 05:40:07,851 | INFO | gold.adzuna_jobs_gold_summary | 🚀 START building gold jobs_summary
2026-04-04 05:40:08,635 | INFO | gold.adzuna_jobs_gold_summary | ✅ Gold jobs_summary built successfully
2026-04-04 05:40:08,636 | INFO | gold.adzuna_gold_salary_analysis | 🚀 Start build gold salary_analysis
2026-04-04 05:40:09,019 | INFO | gold.adzuna_gold_salary_analysis | ✅ Finished salary_analysis
2026-04-04 05:40:09,021 | INFO | gold.adzuna_gold_writer | 📂 Writing Gold data to s3a://data-lake/gold/adzuna/jobs_summary/dt=2026/04/03
2026-04-04 05:40:14,510 | INFO | gold.adzuna_gold_writer | 📊 Output records: 20
2026-04-04 05:40:14,510 | INFO | gold.adzuna_gold_writer | 🎉 Write completed
2026-04-04 05:40:14,511 | INFO | gold.adzuna_gold_writer | 📂 Writing Gold data to s3a://data-lake/gold/adzuna/salary_analysis/dt=2026/04/03
2026-04-04 05:40:16,965 | INFO | gold.adzuna_gold_writer | 📊 Output records: 3
2026-04-04 05:40:16,966 | INFO | gold.adzuna_gold_writer | 🎉 Write completed
2026-04-04 05:40:17,507 | INFO | gold.adzuna_gold_writer | 🛑 Spark stopped
