2026-04-04 00:51:17,006 | INFO | silver.adzuna_jobs_silver_writer | 🚀 START Silver pipeline | date=2026/04/03
2026-04-04 00:51:18,776 | INFO | silver.adzuna_jobs_silver_writer | 🧹 Removed NULL id: 0
2026-04-04 00:51:20,216 | INFO | silver.adzuna_jobs_silver_writer | 🧹 Removed duplicate id: 5
2026-04-04 00:51:20,320 | INFO | silver.adzuna_jobs_silver_writer | 🧽 Standardized contract fields
2026-04-04 00:51:20,468 | INFO | silver.adzuna_jobs_silver_writer | ✅ Selected & transformed columns
2026-04-04 00:51:20,469 | INFO | silver.adzuna_silver_quality | 🔍 START Silver quality checks
2026-04-04 00:51:23,768 | INFO | silver.adzuna_silver_quality | ✅ No duplicates found
2026-04-04 00:51:24,220 | INFO | silver.adzuna_silver_quality | ✅ No invalid contract_type found
2026-04-04 00:51:24,452 | INFO | silver.adzuna_silver_quality | 🎉 Silver quality checks done | rows=245 | cols=18
2026-04-04 00:51:24,463 | INFO | silver.adzuna_jobs_silver_writer | 📂 Writing jobs parquet to s3a://data-lake/silver/adzuna/jobs/dt=2026/04/03
2026-04-04 00:51:27,074 | INFO | silver.adzuna_jobs_silver_writer | 📊 Output records: 245
2026-04-04 00:51:27,074 | INFO | silver.adzuna_jobs_silver_writer | 🎉 Silver jobs parquet written successfully
2026-04-04 00:51:27,416 | INFO | silver.adzuna_jobs_silver_writer | 🛑 Spark stopped
2026-04-04 00:52:43,704 | INFO | silver.adzuna_jobs_silver_writer | 🚀 START Silver pipeline | date=2026/04/03
2026-04-04 00:52:45,770 | INFO | silver.adzuna_jobs_silver_writer | 🧹 Removed NULL id: 0
2026-04-04 00:52:47,553 | INFO | silver.adzuna_jobs_silver_writer | 🧹 Removed duplicate id: 5
2026-04-04 00:52:47,684 | INFO | silver.adzuna_jobs_silver_writer | 🧽 Standardized contract fields
2026-04-04 00:52:47,685 | INFO | silver.adzuna_jobs_silver_writer | 🧽 Cleaning & normalizing salary
2026-04-04 00:52:47,961 | INFO | silver.adzuna_jobs_silver_writer | 📊 Hourly vs Annual distribution:
2026-04-04 00:52:50,506 | INFO | silver.adzuna_jobs_silver_writer | 🎉 Salary normalized to annual
2026-04-04 00:52:50,648 | INFO | silver.adzuna_jobs_silver_writer | ✅ Selected & transformed columns
2026-04-04 00:52:50,649 | INFO | silver.adzuna_silver_quality | 🔍 START Silver quality checks
2026-04-04 00:52:53,061 | INFO | silver.adzuna_silver_quality | ✅ No duplicates found
2026-04-04 00:52:53,677 | INFO | silver.adzuna_silver_quality | ✅ No invalid contract_type found
2026-04-04 00:52:53,901 | INFO | silver.adzuna_silver_quality | 🎉 Silver quality checks done | rows=233 | cols=18
2026-04-04 00:52:53,909 | INFO | silver.adzuna_jobs_silver_writer | 📂 Writing jobs parquet to s3a://data-lake/silver/adzuna/jobs/dt=2026/04/03
2026-04-04 00:52:56,592 | INFO | silver.adzuna_jobs_silver_writer | 📊 Output records: 233
2026-04-04 00:52:56,593 | INFO | silver.adzuna_jobs_silver_writer | 🎉 Silver jobs parquet written successfully
2026-04-04 00:52:56,864 | INFO | silver.adzuna_jobs_silver_writer | 🛑 Spark stopped
2026-04-04 00:53:47,565 | INFO | silver.read_adzuna_silver | 📥 Reading silver data from s3a://data-lake/silver/adzuna/jobs/dt=2026/04/03
2026-04-04 00:53:52,588 | INFO | silver.read_adzuna_silver | 📊 Rows read: 233
2026-04-04 01:09:29,267 | INFO | silver.adzuna_jobs_silver_writer | 🚀 START Silver pipeline | date=2026/04/03
2026-04-04 01:09:32,764 | INFO | silver.adzuna_jobs_silver_writer | 🧹 Removed NULL id: 0
2026-04-04 01:09:35,281 | INFO | silver.adzuna_jobs_silver_writer | 🧹 Removed duplicate id: 5
2026-04-04 01:09:35,528 | INFO | silver.adzuna_jobs_silver_writer | 🧽 Standardized contract fields
2026-04-04 01:09:35,528 | INFO | silver.adzuna_jobs_silver_writer | 🧽 Cleaning & normalizing salary
2026-04-04 01:09:35,899 | INFO | silver.adzuna_jobs_silver_writer | 📊 Hourly vs Annual distribution:
2026-04-04 01:09:39,577 | INFO | silver.adzuna_jobs_silver_writer | 🎉 Salary normalized to annual
2026-04-04 01:09:39,821 | INFO | silver.adzuna_jobs_silver_writer | ✅ Selected & transformed columns
2026-04-04 01:09:39,822 | INFO | silver.adzuna_silver_quality | 🔍 START Silver quality checks
2026-04-04 01:09:43,121 | INFO | silver.adzuna_silver_quality | ✅ No duplicates found
2026-04-04 01:09:43,709 | INFO | silver.adzuna_silver_quality | ✅ No invalid contract_type found
2026-04-04 01:09:43,939 | INFO | silver.adzuna_silver_quality | 🎉 Silver quality checks done | rows=233 | cols=18
2026-04-04 01:09:43,948 | INFO | silver.adzuna_jobs_silver_writer | 📂 Writing jobs parquet to s3a://data-lake/silver/adzuna/jobs/dt=2026/04/03
2026-04-04 01:09:47,218 | INFO | silver.adzuna_jobs_silver_writer | 📊 Output records: 233
2026-04-04 01:09:47,219 | INFO | silver.adzuna_jobs_silver_writer | 🎉 Silver jobs parquet written successfully
2026-04-04 01:09:47,428 | INFO | silver.adzuna_jobs_silver_writer | 🛑 Spark stopped
2026-04-04 01:10:33,788 | INFO | silver.read_adzuna_silver | 📥 Reading silver data from s3a://data-lake/silver/adzuna/jobs/dt=2026/04/03
2026-04-04 01:10:42,508 | INFO | silver.read_adzuna_silver | 📊 Rows read: 233
2026-04-04 01:20:13,709 | INFO | silver.adzuna_jobs_silver_writer | 🚀 START Silver pipeline | date=2026/04/03
2026-04-04 01:20:15,416 | INFO | silver.adzuna_jobs_silver_writer | 🧹 Removed NULL id: 0
2026-04-04 01:20:17,168 | INFO | silver.adzuna_jobs_silver_writer | 🧹 Removed duplicate id: 5
2026-04-04 01:20:17,303 | INFO | silver.adzuna_jobs_silver_writer | 🧽 Standardized contract fields
2026-04-04 01:20:17,303 | INFO | silver.adzuna_jobs_silver_writer | 🧽 Cleaning & normalizing salary
2026-04-04 01:20:17,624 | INFO | silver.adzuna_jobs_silver_writer | 📊 Hourly vs Annual distribution:
2026-04-04 01:20:20,007 | INFO | silver.adzuna_jobs_silver_writer | 🎉 Salary normalized to annual
2026-04-04 01:20:20,155 | INFO | silver.adzuna_jobs_silver_writer | ✅ Selected & transformed columns
2026-04-04 01:20:20,155 | INFO | silver.adzuna_silver_quality | 🔍 START Silver quality checks
2026-04-04 01:20:22,473 | INFO | silver.adzuna_silver_quality | ✅ No duplicates found
2026-04-04 01:20:23,065 | INFO | silver.adzuna_silver_quality | ✅ No invalid contract_type found
2026-04-04 01:20:23,293 | INFO | silver.adzuna_silver_quality | 🎉 Silver quality checks done | rows=233 | cols=18
2026-04-04 01:20:23,303 | INFO | silver.adzuna_jobs_silver_writer | 📂 Writing jobs parquet to s3a://data-lake/silver/adzuna/jobs/dt=2026/04/03
2026-04-04 01:20:25,916 | INFO | silver.adzuna_jobs_silver_writer | 📊 Output records: 233
2026-04-04 01:20:25,917 | INFO | silver.adzuna_jobs_silver_writer | 🎉 Silver jobs parquet written successfully
2026-04-04 01:20:26,260 | INFO | silver.adzuna_jobs_silver_writer | 🛑 Spark stopped
2026-04-04 01:20:58,614 | INFO | silver.read_adzuna_silver | 📥 Reading silver data from s3a://data-lake/silver/adzuna/jobs/dt=2026/04/03
2026-04-04 01:21:03,486 | INFO | silver.read_adzuna_silver | 📊 Rows read: 233
2026-04-04 05:29:16,278 | INFO | silver.adzuna_jobs_silver_writer | 🚀 START Silver pipeline | date=2026/04/03
2026-04-04 05:29:18,528 | INFO | silver.adzuna_jobs_silver_writer | 🧹 Removed NULL id: 0
2026-04-04 05:29:20,825 | INFO | silver.adzuna_jobs_silver_writer | 🧹 Removed duplicate id: 5
2026-04-04 05:29:21,062 | INFO | silver.adzuna_jobs_silver_writer | 🧽 Standardized contract fields
2026-04-04 05:29:21,373 | INFO | silver.adzuna_jobs_silver_writer | ✅ Selected & transformed columns
2026-04-04 05:29:21,374 | INFO | silver.adzuna_silver_quality | 🔍 START Silver quality checks
2026-04-04 05:29:24,442 | INFO | silver.adzuna_silver_quality | ✅ No duplicates found
2026-04-04 05:29:24,943 | INFO | silver.adzuna_silver_quality | ✅ No invalid contract_type found
2026-04-04 05:29:25,106 | INFO | silver.adzuna_silver_quality | 🎉 Silver quality checks done | rows=245 | cols=18
2026-04-04 05:29:25,113 | INFO | silver.adzuna_jobs_silver_writer | 📂 Writing jobs parquet to s3a://data-lake/silver/adzuna/jobs/dt=2026/04/03
2026-04-04 05:29:27,983 | INFO | silver.adzuna_jobs_silver_writer | 📊 Output records: 245
2026-04-04 05:29:27,984 | INFO | silver.adzuna_jobs_silver_writer | 🎉 Silver jobs parquet written successfully
2026-04-04 05:29:28,234 | INFO | silver.adzuna_jobs_silver_writer | 🛑 Spark stopped
2026-04-04 05:29:45,253 | INFO | silver.read_adzuna_silver | 📥 Reading silver data from s3a://data-lake/silver/adzuna/jobs/dt=2026/04/03
2026-04-04 05:29:52,333 | INFO | silver.read_adzuna_silver | 📊 Rows read: 245
2026-04-04 05:39:19,580 | INFO | silver.adzuna_jobs_silver_writer | 🚀 START Silver pipeline | date=2026/04/03
2026-04-04 05:39:22,927 | INFO | silver.adzuna_jobs_silver_writer | 🧹 Removed NULL id: 0
2026-04-04 05:39:27,768 | INFO | silver.adzuna_jobs_silver_writer | 🧹 Removed duplicate id: 5
2026-04-04 05:39:27,983 | INFO | silver.adzuna_jobs_silver_writer | 🧽 Standardized contract fields
2026-04-04 05:39:27,984 | INFO | silver.adzuna_jobs_silver_writer | 🧽 Cleaning & normalizing salary
2026-04-04 05:39:28,220 | INFO | silver.adzuna_jobs_silver_writer | 🎉 Normalized salary
2026-04-04 05:39:28,546 | INFO | silver.adzuna_jobs_silver_writer | ✅ Selected & transformed columns
2026-04-04 05:39:28,547 | INFO | silver.adzuna_silver_quality | 🔍 START Silver quality checks
2026-04-04 05:39:32,932 | INFO | silver.adzuna_silver_quality | ✅ No duplicates found
2026-04-04 05:39:33,309 | WARNING | silver.adzuna_silver_quality | ⚠️ Found 2 invalid salary ranges
2026-04-04 05:39:33,644 | INFO | silver.adzuna_silver_quality | ✅ No invalid contract_type found
2026-04-04 05:39:33,897 | INFO | silver.adzuna_silver_quality | 🎉 Silver quality checks done | rows=245 | cols=18
2026-04-04 05:39:33,908 | INFO | silver.adzuna_jobs_silver_writer | 📂 Writing jobs parquet to s3a://data-lake/silver/adzuna/jobs/dt=2026/04/03
2026-04-04 05:39:37,229 | INFO | silver.adzuna_jobs_silver_writer | 📊 Output records: 245
2026-04-04 05:39:37,232 | INFO | silver.adzuna_jobs_silver_writer | 🎉 Silver jobs parquet written successfully
2026-04-04 05:39:37,910 | INFO | silver.adzuna_jobs_silver_writer | 🛑 Spark stopped
2026-04-04 05:39:55,689 | INFO | silver.read_adzuna_silver | 📥 Reading silver data from s3a://data-lake/silver/adzuna/jobs/dt=2026/04/03
2026-04-04 05:40:07,850 | INFO | silver.read_adzuna_silver | 📊 Rows read: 245
