2026-03-27 01:46:58,072 | ERROR | silver.adzuna_jobs_silver_writer | ❌ Silver jobs running failed
Traceback (most recent call last):
  File "/home/jovyan/processing/silver/write_jobs_silver.py", line 170, in <module>
    df = tranform_bronze_to_silver(df_bronze)
         ^^^^^^^^^^^^^^^^^^^^^^^^^
NameError: name 'tranform_bronze_to_silver' is not defined
2026-03-27 01:46:58,289 | INFO | silver.adzuna_jobs_silver_writer | 🛑 Spark stopped
2026-03-27 01:48:16,684 | INFO | silver.adzuna_jobs_silver_writer | 🚀 START Silver pipeline | date=2026/03/26
2026-03-27 01:48:20,435 | INFO | silver.adzuna_jobs_silver_writer | 🧹 Removed NULL id: 0
2026-03-27 01:48:22,138 | INFO | silver.adzuna_jobs_silver_writer | 🧹 Removed duplicate id: 5
2026-03-27 01:48:22,250 | INFO | silver.adzuna_jobs_silver_writer | 🧽 Standardized contract_type
2026-03-27 01:48:22,515 | INFO | silver.adzuna_jobs_silver_writer | ✅ Selected & transformed columns
2026-03-27 01:48:22,516 | INFO | silver.adzuna_silver_quality | 🔍 START Silver quality checks
2026-03-27 01:48:25,484 | INFO | silver.adzuna_silver_quality | ✅ No duplicates found
2026-03-27 01:48:25,897 | WARNING | silver.adzuna_silver_quality | ⚠️ Invalid contract_type breakdown:
2026-03-27 01:48:26,626 | INFO | silver.adzuna_silver_quality | 🎉 Silver quality checks done | rows=245 | cols=18
2026-03-27 01:48:26,644 | INFO | silver.adzuna_jobs_silver_writer | 📂 Writing jobs parquet to s3a://data-lake/silver/adzuna/jobs/dt=2026/03/26
2026-03-27 01:48:30,784 | INFO | silver.adzuna_jobs_silver_writer | 📊 Output records: 245
2026-03-27 01:48:30,785 | INFO | silver.adzuna_jobs_silver_writer | 🎉 Silver jobs parquet written successfully
2026-03-27 01:48:31,426 | INFO | silver.adzuna_jobs_silver_writer | 🛑 Spark stopped
2026-03-27 14:42:41,249 | INFO | silver.adzuna_jobs_silver_writer | 🚀 START Silver pipeline | date=2026/03/26
2026-03-27 14:42:44,082 | INFO | silver.adzuna_jobs_silver_writer | 🧹 Removed NULL id: 0
2026-03-27 14:42:45,706 | INFO | silver.adzuna_jobs_silver_writer | 🧹 Removed duplicate id: 5
2026-03-27 14:42:45,784 | INFO | silver.adzuna_jobs_silver_writer | 🧽 Standardized contract_type
2026-03-27 14:42:45,998 | INFO | silver.adzuna_jobs_silver_writer | ✅ Selected & transformed columns
2026-03-27 14:42:45,998 | INFO | silver.adzuna_silver_quality | 🔍 START Silver quality checks
2026-03-27 14:42:48,250 | INFO | silver.adzuna_silver_quality | ✅ No duplicates found
2026-03-27 14:42:48,743 | INFO | silver.adzuna_silver_quality | ✅ No invalid contract_type found
2026-03-27 14:42:48,954 | INFO | silver.adzuna_silver_quality | 🎉 Silver quality checks done | rows=245 | cols=18
2026-03-27 14:42:48,966 | INFO | silver.adzuna_jobs_silver_writer | 📂 Writing jobs parquet to s3a://data-lake/silver/adzuna/jobs/dt=2026/03/26
2026-03-27 14:42:51,825 | INFO | silver.adzuna_jobs_silver_writer | 📊 Output records: 245
2026-03-27 14:42:51,825 | INFO | silver.adzuna_jobs_silver_writer | 🎉 Silver jobs parquet written successfully
2026-03-27 14:42:51,931 | INFO | silver.adzuna_jobs_silver_writer | 🛑 Spark stopped
